Performing C++ SOURCE FILE Test CMAKE_HAVE_LIBC_PTHREAD failed with the following output:
Change Dir: /home/arif/Codes/TDO/Debug/psfem/build/CMakeFiles/CMakeTmp

Run Build Command(s):/usr/bin/make cmTC_596d8/fast && /usr/bin/make -f CMakeFiles/cmTC_596d8.dir/build.make CMakeFiles/cmTC_596d8.dir/build
make[1]: Entering directory '/home/arif/Codes/TDO/Debug/psfem/build/CMakeFiles/CMakeTmp'
Building CXX object CMakeFiles/cmTC_596d8.dir/src.cxx.o
/usr/bin/c++    -DCMAKE_HAVE_LIBC_PTHREAD   -o CMakeFiles/cmTC_596d8.dir/src.cxx.o -c /home/arif/Codes/TDO/Debug/psfem/build/CMakeFiles/CMakeTmp/src.cxx
Linking CXX executable cmTC_596d8
/opt/cmake-3.15.0-rc1-Linux-x86_64/bin/cmake -E cmake_link_script CMakeFiles/cmTC_596d8.dir/link.txt --verbose=1
/usr/bin/c++   -DCMAKE_HAVE_LIBC_PTHREAD    -rdynamic CMakeFiles/cmTC_596d8.dir/src.cxx.o  -o cmTC_596d8 
CMakeFiles/cmTC_596d8.dir/src.cxx.o: In function `main':
src.cxx:(.text+0x3e): undefined reference to `pthread_create'
src.cxx:(.text+0x4a): undefined reference to `pthread_detach'
src.cxx:(.text+0x5b): undefined reference to `pthread_join'
src.cxx:(.text+0x6f): undefined reference to `pthread_atfork'
collect2: error: ld returned 1 exit status
CMakeFiles/cmTC_596d8.dir/build.make:86: recipe for target 'cmTC_596d8' failed
make[1]: *** [cmTC_596d8] Error 1
make[1]: Leaving directory '/home/arif/Codes/TDO/Debug/psfem/build/CMakeFiles/CMakeTmp'
Makefile:121: recipe for target 'cmTC_596d8/fast' failed
make: *** [cmTC_596d8/fast] Error 2


Source file was:
#include <pthread.h>

void* test_func(void* data)
{
  return data;
}

int main(void)
{
  pthread_t thread;
  pthread_create(&thread, NULL, test_func, NULL);
  pthread_detach(thread);
  pthread_join(thread, NULL);
  pthread_atfork(NULL, NULL, NULL);
  pthread_exit(NULL);

  return 0;
}

Determining if the function pthread_create exists in the pthreads failed with the following output:
Change Dir: /home/arif/Codes/TDO/Debug/psfem/build/CMakeFiles/CMakeTmp

Run Build Command(s):/usr/bin/make cmTC_8eb6c/fast && /usr/bin/make -f CMakeFiles/cmTC_8eb6c.dir/build.make CMakeFiles/cmTC_8eb6c.dir/build
make[1]: Entering directory '/home/arif/Codes/TDO/Debug/psfem/build/CMakeFiles/CMakeTmp'
Building CXX object CMakeFiles/cmTC_8eb6c.dir/CheckFunctionExists.cxx.o
/usr/bin/c++    -DCHECK_FUNCTION_EXISTS=pthread_create   -o CMakeFiles/cmTC_8eb6c.dir/CheckFunctionExists.cxx.o -c /home/arif/Codes/TDO/Debug/psfem/build/CMakeFiles/CheckLibraryExists/CheckFunctionExists.cxx
Linking CXX executable cmTC_8eb6c
/opt/cmake-3.15.0-rc1-Linux-x86_64/bin/cmake -E cmake_link_script CMakeFiles/cmTC_8eb6c.dir/link.txt --verbose=1
/usr/bin/c++   -DCHECK_FUNCTION_EXISTS=pthread_create    -rdynamic CMakeFiles/cmTC_8eb6c.dir/CheckFunctionExists.cxx.o  -o cmTC_8eb6c -lpthreads 
/usr/bin/ld: cannot find -lpthreads
collect2: error: ld returned 1 exit status
CMakeFiles/cmTC_8eb6c.dir/build.make:86: recipe for target 'cmTC_8eb6c' failed
make[1]: *** [cmTC_8eb6c] Error 1
make[1]: Leaving directory '/home/arif/Codes/TDO/Debug/psfem/build/CMakeFiles/CMakeTmp'
Makefile:121: recipe for target 'cmTC_8eb6c/fast' failed
make: *** [cmTC_8eb6c/fast] Error 2



